make --dry-run --always-make --keep-going --print-directory
make: Entering directory '/home/popcorn/modules/ringbuf'
make -C /home/popcorn/kernel_src/linux-5.15.1/ M=/home/popcorn/modules/ringbuf modules
make[1]: Entering directory '/home/popcorn/kernel_src/linux-5.15.1'
 
if [ "gcc (Ubuntu 9.3.0-17ubuntu1~20.04) 9.3.0" != "gcc (Ubuntu 9.3.0-17ubuntu1~20.04) 9.3.0" ]; then \
	echo >&2 "warning: the compiler differs from the one used to build the kernel"; \
	echo >&2 "  The kernel was built by: ""gcc (Ubuntu 9.3.0-17ubuntu1~20.04) 9.3.0"; \
	echo >&2 "  You are using:           gcc (Ubuntu 9.3.0-17ubuntu1~20.04) 9.3.0"; \
fi
make -f ./scripts/Makefile.build obj=/home/popcorn/modules/ringbuf \
single-build= \
need-builtin=1 need-modorder=1
 
set -e;  echo '  CC [M]  /home/popcorn/modules/ringbuf/ringbuf.o';  gcc -Wp,-MMD,/home/popcorn/modules/ringbuf/.ringbuf.o.d  -nostdinc -isystem /usr/lib/gcc/x86_64-linux-gnu/9/include -I./arch/x86/include -I./arch/x86/include/generated  -I./include -I./arch/x86/include/uapi -I./arch/x86/include/generated/uapi -I./include/uapi -I./include/generated/uapi -include ./include/linux/compiler-version.h -include ./include/linux/kconfig.h -include ./include/linux/compiler_types.h -D__KERNEL__ -fmacro-prefix-map=./= -Wall -Wundef -Werror=strict-prototypes -Wno-trigraphs -fno-strict-aliasing -fno-common -fshort-wchar -fno-PIE -Werror=implicit-function-declaration -Werror=implicit-int -Werror=return-type -Wno-format-security -std=gnu89 -mno-sse -mno-mmx -mno-sse2 -mno-3dnow -mno-avx -fcf-protection=none -m64 -falign-jumps=1 -falign-loops=1 -mno-80387 -mno-fp-ret-in-387 -mpreferred-stack-boundary=3 -mskip-rax-setup -mtune=generic -mno-red-zone -mcmodel=kernel -Wno-sign-compare -fno-asynchronous-unwind-tables -mindirect-branch=thunk-extern -mindirect-branch-register -fno-jump-tables -fno-delete-null-pointer-checks -Wno-frame-address -Wno-format-truncation -Wno-format-overflow -Wno-address-of-packed-member -O2 --param=allow-store-data-races=0 -Wframe-larger-than=2048 -fstack-protector-strong -Wimplicit-fallthrough=5 -Wno-main -Wno-unused-but-set-variable -Wno-unused-const-variable -fomit-frame-pointer -fno-stack-clash-protection -Wdeclaration-after-statement -Wvla -Wno-pointer-sign -Wno-stringop-truncation -Wno-array-bounds -Wno-stringop-overflow -Wno-restrict -Wno-maybe-uninitialized -fno-strict-overflow -fno-stack-check -fconserve-stack -Werror=date-time -Werror=incompatible-pointer-types -Werror=designated-init -Wno-packed-not-aligned  -DMODULE  -DKBUILD_BASENAME='"ringbuf"' -DKBUILD_MODNAME='"ringbuf"' -D__KBUILD_MODNAME=kmod_ringbuf -c -o /home/popcorn/modules/ringbuf/ringbuf.o /home/popcorn/modules/ringbuf/ringbuf.c; scripts/basic/fixdep /home/popcorn/modules/ringbuf/.ringbuf.o.d /home/popcorn/modules/ringbuf/ringbuf.o 'gcc -Wp,-MMD,/home/popcorn/modules/ringbuf/.ringbuf.o.d  -nostdinc -isystem /usr/lib/gcc/x86_64-linux-gnu/9/include -I./arch/x86/include -I./arch/x86/include/generated  -I./include -I./arch/x86/include/uapi -I./arch/x86/include/generated/uapi -I./include/uapi -I./include/generated/uapi -include ./include/linux/compiler-version.h -include ./include/linux/kconfig.h -include ./include/linux/compiler_types.h -D__KERNEL__ -fmacro-prefix-map=./= -Wall -Wundef -Werror=strict-prototypes -Wno-trigraphs -fno-strict-aliasing -fno-common -fshort-wchar -fno-PIE -Werror=implicit-function-declaration -Werror=implicit-int -Werror=return-type -Wno-format-security -std=gnu89 -mno-sse -mno-mmx -mno-sse2 -mno-3dnow -mno-avx -fcf-protection=none -m64 -falign-jumps=1 -falign-loops=1 -mno-80387 -mno-fp-ret-in-387 -mpreferred-stack-boundary=3 -mskip-rax-setup -mtune=generic -mno-red-zone -mcmodel=kernel -Wno-sign-compare -fno-asynchronous-unwind-tables -mindirect-branch=thunk-extern -mindirect-branch-register -fno-jump-tables -fno-delete-null-pointer-checks -Wno-frame-address -Wno-format-truncation -Wno-format-overflow -Wno-address-of-packed-member -O2 --param=allow-store-data-races=0 -Wframe-larger-than=2048 -fstack-protector-strong -Wimplicit-fallthrough=5 -Wno-main -Wno-unused-but-set-variable -Wno-unused-const-variable -fomit-frame-pointer -fno-stack-clash-protection -Wdeclaration-after-statement -Wvla -Wno-pointer-sign -Wno-stringop-truncation -Wno-array-bounds -Wno-stringop-overflow -Wno-restrict -Wno-maybe-uninitialized -fno-strict-overflow -fno-stack-check -fconserve-stack -Werror=date-time -Werror=incompatible-pointer-types -Werror=designated-init -Wno-packed-not-aligned  -DMODULE  -DKBUILD_BASENAME='\''"ringbuf"'\'' -DKBUILD_MODNAME='\''"ringbuf"'\'' -D__KBUILD_MODNAME=kmod_ringbuf -c -o /home/popcorn/modules/ringbuf/ringbuf.o /home/popcorn/modules/ringbuf/ringbuf.c' > /home/popcorn/modules/ringbuf/.ringbuf.o.cmd; rm -f /home/popcorn/modules/ringbuf/.ringbuf.o.d
set -e;   
set -e;   
set -e;   
set -e;    ./tools/objtool/objtool orc generate  --module  --no-fp   --retpoline  --uaccess  /home/popcorn/modules/ringbuf/ringbuf.o
set -e;   
set -e;   
set -e;   
set -e;   { echo  /home/popcorn/modules/ringbuf/ringbuf.o;  echo; } > /home/popcorn/modules/ringbuf/ringbuf.mod; printf '%s\n' 'cmd_/home/popcorn/modules/ringbuf/ringbuf.mod := { echo  /home/popcorn/modules/ringbuf/ringbuf.o;  echo; } > /home/popcorn/modules/ringbuf/ringbuf.mod' > /home/popcorn/modules/ringbuf/.ringbuf.mod.cmd
set -e;   {   echo /home/popcorn/modules/ringbuf/ringbuf.ko; :; } | awk '!x[$0]++' - > /home/popcorn/modules/ringbuf/modules.order; printf '%s\n' 'cmd_/home/popcorn/modules/ringbuf/modules.order := {   echo /home/popcorn/modules/ringbuf/ringbuf.ko; :; } | awk '\''!x[$$0]++'\'' - > /home/popcorn/modules/ringbuf/modules.order' > /home/popcorn/modules/ringbuf/.modules.order.cmd
:
:
sh ./scripts/modules-check.sh /home/popcorn/modules/ringbuf/modules.order
make -f ./scripts/Makefile.modpost
 
cat: /home/popcorn/modules/ringbuf/modules.order: No such file or directory
 
echo >&2 'WARNING: Symbol version dump "Module.symvers" is missing.'
echo >&2 '         Modules may not have dependencies or modversions.'
echo >&2 '         You may get many unresolved symbol warnings.'
 
make[1]: Leaving directory '/home/popcorn/kernel_src/linux-5.15.1'
make: Leaving directory '/home/popcorn/modules/ringbuf'
 
make[2]: *** No rule to make target '/home/popcorn/modules/ringbuf/modules.order', needed by '/home/popcorn/modules/ringbuf/Module.symvers'.
make[1]: *** [Makefile:1783: modules] Error 2
make: *** [Makefile:9: default] Error 2
 
